DEBUG:root:number of params are 1564090
DEBUG:root:epoch 0, train_loss 1.5589, train_accuracy 42.3857, test_loss 1.1930, test_accuracy 56.9620, cost time 19.0071
DEBUG:root:epoch 1, train_loss 1.0040, train_accuracy 64.2547, test_loss 0.9156, test_accuracy 68.5127, cost time 17.7249
DEBUG:root:epoch 2, train_loss 0.7637, train_accuracy 73.2357, test_loss 0.7920, test_accuracy 72.6562, cost time 17.7403
DEBUG:root:epoch 3, train_loss 0.6299, train_accuracy 78.2093, test_loss 0.6292, test_accuracy 78.8766, cost time 17.5031
DEBUG:root:epoch 4, train_loss 0.5408, train_accuracy 81.1733, test_loss 0.5427, test_accuracy 81.4676, cost time 17.5033
DEBUG:root:epoch 5, train_loss 0.4827, train_accuracy 83.4523, test_loss 0.5518, test_accuracy 81.0720, cost time 17.4814
DEBUG:root:epoch 6, train_loss 0.4387, train_accuracy 84.7626, test_loss 0.5481, test_accuracy 81.1610, cost time 17.4483
DEBUG:root:epoch 7, train_loss 0.3999, train_accuracy 86.0882, test_loss 0.4718, test_accuracy 84.3157, cost time 17.6071
DEBUG:root:epoch 8, train_loss 0.3701, train_accuracy 87.2386, test_loss 0.4525, test_accuracy 84.7706, cost time 17.6776
DEBUG:root:epoch 9, train_loss 0.3442, train_accuracy 87.9747, test_loss 0.4287, test_accuracy 85.3639, cost time 17.7156
DEBUG:root:epoch 10, train_loss 0.3260, train_accuracy 88.7480, test_loss 0.4115, test_accuracy 86.2638, cost time 17.5033
DEBUG:root:epoch 11, train_loss 0.3016, train_accuracy 89.5269, test_loss 0.4023, test_accuracy 86.6594, cost time 17.6013
DEBUG:root:epoch 12, train_loss 0.2845, train_accuracy 90.1630, test_loss 0.3721, test_accuracy 87.4901, cost time 17.4939
DEBUG:root:epoch 13, train_loss 0.2712, train_accuracy 90.6222, test_loss 0.4217, test_accuracy 86.2638, cost time 17.4678
DEBUG:root:epoch 14, train_loss 0.2585, train_accuracy 91.0030, test_loss 0.3913, test_accuracy 87.4604, cost time 17.7219
DEBUG:root:epoch 15, train_loss 0.2509, train_accuracy 91.1901, test_loss 0.3840, test_accuracy 87.0649, cost time 17.5068
DEBUG:root:epoch 16, train_loss 0.2357, train_accuracy 91.7048, test_loss 0.4304, test_accuracy 86.0858, cost time 17.4908
DEBUG:root:epoch 17, train_loss 0.2267, train_accuracy 92.0884, test_loss 0.3850, test_accuracy 87.5791, cost time 17.4820
DEBUG:root:epoch 18, train_loss 0.2187, train_accuracy 92.3010, test_loss 0.3901, test_accuracy 87.5890, cost time 17.6995
DEBUG:root:epoch 19, train_loss 0.2174, train_accuracy 92.3553, test_loss 0.3773, test_accuracy 88.5285, cost time 17.6888
DEBUG:root:epoch 20, train_loss 0.1250, train_accuracy 95.7932, test_loss 0.3226, test_accuracy 90.2393, cost time 17.5471
DEBUG:root:epoch 21, train_loss 0.0999, train_accuracy 96.6136, test_loss 0.3262, test_accuracy 90.5261, cost time 17.4784
DEBUG:root:epoch 22, train_loss 0.0865, train_accuracy 97.0145, test_loss 0.3175, test_accuracy 90.6942, cost time 17.5056
DEBUG:root:epoch 23, train_loss 0.0822, train_accuracy 97.2426, test_loss 0.3218, test_accuracy 90.6250, cost time 17.4527
DEBUG:root:epoch 24, train_loss 0.0771, train_accuracy 97.2930, test_loss 0.3708, test_accuracy 89.9525, cost time 17.5899
DEBUG:root:epoch 25, train_loss 0.0717, train_accuracy 97.6067, test_loss 0.3363, test_accuracy 90.3481, cost time 17.6675
DEBUG:root:epoch 26, train_loss 0.0685, train_accuracy 97.6379, test_loss 0.3450, test_accuracy 90.3580, cost time 17.6759
DEBUG:root:epoch 27, train_loss 0.0660, train_accuracy 97.7250, test_loss 0.3351, test_accuracy 90.7140, cost time 17.6895
DEBUG:root:epoch 28, train_loss 0.0628, train_accuracy 97.8325, test_loss 0.3563, test_accuracy 90.3580, cost time 17.6814
DEBUG:root:epoch 29, train_loss 0.0621, train_accuracy 97.7749, test_loss 0.3480, test_accuracy 90.7931, cost time 17.5243
DEBUG:root:epoch 30, train_loss 0.0629, train_accuracy 97.7757, test_loss 0.3716, test_accuracy 90.1503, cost time 17.4748
DEBUG:root:epoch 31, train_loss 0.0574, train_accuracy 98.0395, test_loss 0.3588, test_accuracy 90.6547, cost time 17.4857
DEBUG:root:epoch 32, train_loss 0.0571, train_accuracy 98.0395, test_loss 0.3420, test_accuracy 90.8030, cost time 17.5989
DEBUG:root:epoch 33, train_loss 0.0543, train_accuracy 98.2081, test_loss 0.3791, test_accuracy 90.2097, cost time 17.7054
DEBUG:root:epoch 34, train_loss 0.0584, train_accuracy 97.9907, test_loss 0.3539, test_accuracy 90.5459, cost time 17.7235
DEBUG:root:epoch 35, train_loss 0.0531, train_accuracy 98.2353, test_loss 0.3666, test_accuracy 90.6250, cost time 17.6638
DEBUG:root:epoch 36, train_loss 0.0557, train_accuracy 98.1074, test_loss 0.3956, test_accuracy 89.7350, cost time 17.7137
DEBUG:root:epoch 37, train_loss 0.0570, train_accuracy 98.0547, test_loss 0.3620, test_accuracy 90.6349, cost time 17.5825
DEBUG:root:epoch 38, train_loss 0.0529, train_accuracy 98.1566, test_loss 0.3680, test_accuracy 90.5063, cost time 17.6531
DEBUG:root:epoch 39, train_loss 0.0538, train_accuracy 98.1478, test_loss 0.3887, test_accuracy 90.0316, cost time 17.4856
DEBUG:root:epoch 40, train_loss 0.0279, train_accuracy 99.1716, test_loss 0.3361, test_accuracy 90.9711, cost time 17.6149
DEBUG:root:epoch 41, train_loss 0.0200, train_accuracy 99.4385, test_loss 0.3359, test_accuracy 91.4062, cost time 17.6119
DEBUG:root:epoch 42, train_loss 0.0159, train_accuracy 99.6112, test_loss 0.3392, test_accuracy 91.2777, cost time 17.5710
DEBUG:root:epoch 43, train_loss 0.0146, train_accuracy 99.6803, test_loss 0.3420, test_accuracy 91.4062, cost time 17.5099
DEBUG:root:epoch 44, train_loss 0.0134, train_accuracy 99.6619, test_loss 0.3451, test_accuracy 91.4557, cost time 17.6023
DEBUG:root:epoch 45, train_loss 0.0125, train_accuracy 99.6803, test_loss 0.3564, test_accuracy 91.3172, cost time 17.6744
DEBUG:root:epoch 46, train_loss 0.0115, train_accuracy 99.7223, test_loss 0.3582, test_accuracy 91.3370, cost time 17.5370
DEBUG:root:epoch 47, train_loss 0.0097, train_accuracy 99.7790, test_loss 0.3604, test_accuracy 91.2282, cost time 17.5141
DEBUG:root:epoch 48, train_loss 0.0096, train_accuracy 99.7870, test_loss 0.3633, test_accuracy 91.2876, cost time 17.6920
DEBUG:root:epoch 49, train_loss 0.0094, train_accuracy 99.7922, test_loss 0.3541, test_accuracy 91.4359, cost time 17.5695
DEBUG:root:epoch 50, train_loss 0.0092, train_accuracy 99.7802, test_loss 0.3608, test_accuracy 91.5744, cost time 17.6343
DEBUG:root:epoch 51, train_loss 0.0085, train_accuracy 99.8022, test_loss 0.3622, test_accuracy 91.5941, cost time 17.7066
DEBUG:root:epoch 52, train_loss 0.0083, train_accuracy 99.8190, test_loss 0.3575, test_accuracy 91.8216, cost time 17.4654
DEBUG:root:epoch 53, train_loss 0.0080, train_accuracy 99.8262, test_loss 0.3663, test_accuracy 91.2480, cost time 17.6044
DEBUG:root:epoch 54, train_loss 0.0082, train_accuracy 99.8150, test_loss 0.3695, test_accuracy 91.3469, cost time 17.7388
DEBUG:root:epoch 55, train_loss 0.0079, train_accuracy 99.8282, test_loss 0.3734, test_accuracy 91.4656, cost time 17.7669
DEBUG:root:epoch 56, train_loss 0.0069, train_accuracy 99.8561, test_loss 0.3713, test_accuracy 91.3370, cost time 17.7372
DEBUG:root:epoch 57, train_loss 0.0063, train_accuracy 99.8841, test_loss 0.3576, test_accuracy 91.5249, cost time 17.7639
DEBUG:root:epoch 58, train_loss 0.0069, train_accuracy 99.8681, test_loss 0.3607, test_accuracy 91.6832, cost time 17.7145
DEBUG:root:epoch 59, train_loss 0.0062, train_accuracy 99.8781, test_loss 0.3648, test_accuracy 91.7425, cost time 17.5683
DEBUG:root:epoch 60, train_loss 0.0055, train_accuracy 99.8981, test_loss 0.3569, test_accuracy 91.9304, cost time 17.4559
DEBUG:root:epoch 61, train_loss 0.0049, train_accuracy 99.9201, test_loss 0.3599, test_accuracy 91.7425, cost time 17.6386
DEBUG:root:epoch 62, train_loss 0.0044, train_accuracy 99.9461, test_loss 0.3619, test_accuracy 91.8809, cost time 17.7545
DEBUG:root:epoch 63, train_loss 0.0040, train_accuracy 99.9540, test_loss 0.3595, test_accuracy 91.9601, cost time 17.7765
DEBUG:root:epoch 64, train_loss 0.0043, train_accuracy 99.9181, test_loss 0.3597, test_accuracy 91.9304, cost time 17.5006
DEBUG:root:epoch 65, train_loss 0.0041, train_accuracy 99.9381, test_loss 0.3635, test_accuracy 91.7326, cost time 17.4580
DEBUG:root:epoch 66, train_loss 0.0040, train_accuracy 99.9441, test_loss 0.3652, test_accuracy 91.6733, cost time 17.7319
DEBUG:root:epoch 67, train_loss 0.0037, train_accuracy 99.9481, test_loss 0.3640, test_accuracy 91.9699, cost time 17.7445
DEBUG:root:epoch 68, train_loss 0.0037, train_accuracy 99.9520, test_loss 0.3640, test_accuracy 91.8315, cost time 17.6002
DEBUG:root:epoch 69, train_loss 0.0037, train_accuracy 99.9540, test_loss 0.3626, test_accuracy 91.8216, cost time 17.6291
DEBUG:root:epoch 70, train_loss 0.0039, train_accuracy 99.9401, test_loss 0.3682, test_accuracy 91.6436, cost time 17.7417
DEBUG:root:epoch 71, train_loss 0.0038, train_accuracy 99.9421, test_loss 0.3668, test_accuracy 91.7128, cost time 17.6320
DEBUG:root:epoch 72, train_loss 0.0038, train_accuracy 99.9461, test_loss 0.3702, test_accuracy 91.6930, cost time 17.7494
DEBUG:root:epoch 73, train_loss 0.0039, train_accuracy 99.9401, test_loss 0.3666, test_accuracy 91.6733, cost time 17.5603
DEBUG:root:epoch 74, train_loss 0.0033, train_accuracy 99.9720, test_loss 0.3633, test_accuracy 91.9106, cost time 17.4721
DEBUG:root:epoch 75, train_loss 0.0037, train_accuracy 99.9421, test_loss 0.3636, test_accuracy 92.0589, cost time 17.7606
DEBUG:root:epoch 76, train_loss 0.0035, train_accuracy 99.9560, test_loss 0.3637, test_accuracy 91.8908, cost time 17.7806
DEBUG:root:epoch 77, train_loss 0.0034, train_accuracy 99.9660, test_loss 0.3686, test_accuracy 91.7425, cost time 17.5556
DEBUG:root:epoch 78, train_loss 0.0033, train_accuracy 99.9640, test_loss 0.3651, test_accuracy 91.8216, cost time 17.7270
DEBUG:root:epoch 79, train_loss 0.0033, train_accuracy 99.9520, test_loss 0.3671, test_accuracy 91.7623, cost time 17.5277
DEBUG:root:epoch 80, train_loss 0.0031, train_accuracy 99.9720, test_loss 0.3653, test_accuracy 91.7029, cost time 17.4645
DEBUG:root:epoch 81, train_loss 0.0032, train_accuracy 99.9600, test_loss 0.3639, test_accuracy 91.7623, cost time 17.4663
DEBUG:root:epoch 82, train_loss 0.0030, train_accuracy 99.9680, test_loss 0.3647, test_accuracy 91.8117, cost time 17.7412
DEBUG:root:epoch 83, train_loss 0.0029, train_accuracy 99.9740, test_loss 0.3640, test_accuracy 91.7820, cost time 17.7520
DEBUG:root:epoch 84, train_loss 0.0028, train_accuracy 99.9760, test_loss 0.3647, test_accuracy 91.7820, cost time 17.7181
DEBUG:root:epoch 85, train_loss 0.0032, train_accuracy 99.9620, test_loss 0.3639, test_accuracy 91.7128, cost time 17.6756
DEBUG:root:epoch 86, train_loss 0.0031, train_accuracy 99.9560, test_loss 0.3658, test_accuracy 91.7623, cost time 17.4939
DEBUG:root:epoch 87, train_loss 0.0031, train_accuracy 99.9660, test_loss 0.3657, test_accuracy 91.7524, cost time 17.6888
DEBUG:root:epoch 88, train_loss 0.0032, train_accuracy 99.9580, test_loss 0.3656, test_accuracy 91.7623, cost time 17.6770
DEBUG:root:epoch 89, train_loss 0.0028, train_accuracy 99.9740, test_loss 0.3656, test_accuracy 91.7623, cost time 17.6280
DEBUG:root:epoch 90, train_loss 0.0030, train_accuracy 99.9680, test_loss 0.3642, test_accuracy 91.7524, cost time 17.5932
DEBUG:root:epoch 91, train_loss 0.0029, train_accuracy 99.9720, test_loss 0.3646, test_accuracy 91.7623, cost time 17.6658
DEBUG:root:epoch 92, train_loss 0.0031, train_accuracy 99.9660, test_loss 0.3649, test_accuracy 91.7029, cost time 17.7293
DEBUG:root:epoch 93, train_loss 0.0029, train_accuracy 99.9740, test_loss 0.3639, test_accuracy 91.7524, cost time 17.6807
DEBUG:root:epoch 94, train_loss 0.0028, train_accuracy 99.9800, test_loss 0.3641, test_accuracy 91.8216, cost time 17.6908
DEBUG:root:epoch 95, train_loss 0.0028, train_accuracy 99.9660, test_loss 0.3649, test_accuracy 91.7623, cost time 17.6469
DEBUG:root:epoch 96, train_loss 0.0029, train_accuracy 99.9800, test_loss 0.3639, test_accuracy 91.7326, cost time 17.5326
DEBUG:root:epoch 97, train_loss 0.0028, train_accuracy 99.9760, test_loss 0.3649, test_accuracy 91.6634, cost time 17.4898
DEBUG:root:epoch 98, train_loss 0.0027, train_accuracy 99.9820, test_loss 0.3656, test_accuracy 91.7425, cost time 17.4626
DEBUG:root:epoch 99, train_loss 0.0026, train_accuracy 99.9740, test_loss 0.3649, test_accuracy 91.7425, cost time 17.6652
DEBUG:root:ResNet(
  (conv1): Conv2d(3, 48, kernel_size=(3, 3), stride=(1, 1), padding=(1, 1), bias=False)
  (bn1): BatchNorm2d(48, eps=1e-05, momentum=0.1, affine=True, track_running_stats=True)
  (layer1): Sequential(
    (0): BasicBlock(
      (conv1): Conv2d(48, 48, kernel_size=(3, 3), stride=(1, 1), padding=(1, 1), bias=False)
      (bn1): BatchNorm2d(48, eps=1e-05, momentum=0.1, affine=True, track_running_stats=True)
      (conv2): Conv2d(48, 48, kernel_size=(3, 3), stride=(1, 1), padding=(1, 1), bias=False)
      (bn2): BatchNorm2d(48, eps=1e-05, momentum=0.1, affine=True, track_running_stats=True)
      (shortcut): Sequential()
    )
    (1): BasicBlock(
      (conv1): Conv2d(48, 48, kernel_size=(3, 3), stride=(1, 1), padding=(1, 1), bias=False)
      (bn1): BatchNorm2d(48, eps=1e-05, momentum=0.1, affine=True, track_running_stats=True)
      (conv2): Conv2d(48, 48, kernel_size=(3, 3), stride=(1, 1), padding=(1, 1), bias=False)
      (bn2): BatchNorm2d(48, eps=1e-05, momentum=0.1, affine=True, track_running_stats=True)
      (shortcut): Sequential()
    )
  )
  (layer2): Sequential(
    (0): BasicBlock(
      (conv1): Conv2d(48, 96, kernel_size=(3, 3), stride=(2, 2), padding=(1, 1), bias=False)
      (bn1): BatchNorm2d(96, eps=1e-05, momentum=0.1, affine=True, track_running_stats=True)
      (conv2): Conv2d(96, 96, kernel_size=(3, 3), stride=(1, 1), padding=(1, 1), bias=False)
      (bn2): BatchNorm2d(96, eps=1e-05, momentum=0.1, affine=True, track_running_stats=True)
      (shortcut): Sequential(
        (0): Conv2d(48, 96, kernel_size=(1, 1), stride=(2, 2), bias=False)
        (1): BatchNorm2d(96, eps=1e-05, momentum=0.1, affine=True, track_running_stats=True)
      )
    )
    (1): BasicBlock(
      (conv1): Conv2d(96, 96, kernel_size=(3, 3), stride=(1, 1), padding=(1, 1), bias=False)
      (bn1): BatchNorm2d(96, eps=1e-05, momentum=0.1, affine=True, track_running_stats=True)
      (conv2): Conv2d(96, 96, kernel_size=(3, 3), stride=(1, 1), padding=(1, 1), bias=False)
      (bn2): BatchNorm2d(96, eps=1e-05, momentum=0.1, affine=True, track_running_stats=True)
      (shortcut): Sequential()
    )
  )
  (layer3): Sequential(
    (0): BasicBlock(
      (conv1): Conv2d(96, 192, kernel_size=(3, 3), stride=(2, 2), padding=(1, 1), bias=False)
      (bn1): BatchNorm2d(192, eps=1e-05, momentum=0.1, affine=True, track_running_stats=True)
      (conv2): Conv2d(192, 192, kernel_size=(3, 3), stride=(1, 1), padding=(1, 1), bias=False)
      (bn2): BatchNorm2d(192, eps=1e-05, momentum=0.1, affine=True, track_running_stats=True)
      (shortcut): Sequential(
        (0): Conv2d(96, 192, kernel_size=(1, 1), stride=(2, 2), bias=False)
        (1): BatchNorm2d(192, eps=1e-05, momentum=0.1, affine=True, track_running_stats=True)
      )
    )
    (1): BasicBlock(
      (conv1): Conv2d(192, 192, kernel_size=(3, 3), stride=(1, 1), padding=(1, 1), bias=False)
      (bn1): BatchNorm2d(192, eps=1e-05, momentum=0.1, affine=True, track_running_stats=True)
      (conv2): Conv2d(192, 192, kernel_size=(3, 3), stride=(1, 1), padding=(1, 1), bias=False)
      (bn2): BatchNorm2d(192, eps=1e-05, momentum=0.1, affine=True, track_running_stats=True)
      (shortcut): Sequential()
    )
  )
  (avg_pool): AvgPool2d(kernel_size=6, stride=6, padding=0)
  (linear): Linear(in_features=192, out_features=10, bias=True)
)
DEBUG:root:train_loss_hist: [1.5588520054926958, 1.0040416151971159, 0.7636783094052464, 0.6299395714422016, 0.5407933108032207, 0.48268969322714356, 0.43871369134739535, 0.39985676140279114, 0.37005306010508476, 0.34420762319698966, 0.32597907078083216, 0.30159614721070166, 0.2844887821342024, 0.27124432575367297, 0.2584733432135009, 0.25093348714930325, 0.23574434731470045, 0.22665299823903062, 0.21867401657811822, 0.2174455542546099, 0.12500405242033016, 0.09985764343720263, 0.08651480952854199, 0.08223354347679011, 0.0771197165264879, 0.07174912363748111, 0.06847942558110065, 0.0659907573210004, 0.06276031573781805, 0.062121057063531694, 0.06288334830899907, 0.05735196086966321, 0.0570835829771998, 0.05427293370232519, 0.05836536856534917, 0.0531156698570532, 0.05568155485307774, 0.05703772317446635, 0.05288247799600863, 0.05383313482370027, 0.027866235319667917, 0.019966860102904042, 0.015857652770271978, 0.014645318441150133, 0.013378379608640242, 0.012546482002910446, 0.011526583021779394, 0.009658590146719152, 0.009626660962253238, 0.009399953745770009, 0.009234106257174383, 0.008525855442219654, 0.008318359136034775, 0.007961369811972875, 0.00816393961601169, 0.00792884287934112, 0.0068663355045537455, 0.006264373770101553, 0.006939991362630497, 0.006248194291857798, 0.005465429541660839, 0.004850816415281027, 0.0044188043576024495, 0.0039901224161793605, 0.00427584406976943, 0.004101392795385964, 0.0039826109419580395, 0.003731372579664249, 0.0036655106957492124, 0.003699246048450927, 0.0038835452646231445, 0.003847535928044959, 0.003822605802065424, 0.003886943254732977, 0.0032977342773514713, 0.0037456037348036265, 0.0034763036808475394, 0.0033514925966198887, 0.003250088339866213, 0.003270779727221838, 0.0030556389983222984, 0.0031982102451305313, 0.003047532993955347, 0.002870931279594841, 0.0028496111675119147, 0.0031640818911244915, 0.0031310031849258553, 0.003084981136078782, 0.0032434197346074864, 0.0028485273339433114, 0.0029604342271713183, 0.0029348202858163674, 0.0030911935484715645, 0.002930455942875813, 0.0027966552317309815, 0.0028061042276277775, 0.0028547997865706796, 0.002779520537672669, 0.002741303801794996, 0.002643581013903236] 
DEBUG:root:train_acc_hist: [tensor(42.3857, device='cuda:0'), tensor(64.2547, device='cuda:0'), tensor(73.2357, device='cuda:0'), tensor(78.2093, device='cuda:0'), tensor(81.1733, device='cuda:0'), tensor(83.4523, device='cuda:0'), tensor(84.7626, device='cuda:0'), tensor(86.0882, device='cuda:0'), tensor(87.2386, device='cuda:0'), tensor(87.9747, device='cuda:0'), tensor(88.7480, device='cuda:0'), tensor(89.5269, device='cuda:0'), tensor(90.1630, device='cuda:0'), tensor(90.6222, device='cuda:0'), tensor(91.0030, device='cuda:0'), tensor(91.1901, device='cuda:0'), tensor(91.7048, device='cuda:0'), tensor(92.0884, device='cuda:0'), tensor(92.3010, device='cuda:0'), tensor(92.3553, device='cuda:0'), tensor(95.7932, device='cuda:0'), tensor(96.6136, device='cuda:0'), tensor(97.0145, device='cuda:0'), tensor(97.2426, device='cuda:0'), tensor(97.2930, device='cuda:0'), tensor(97.6067, device='cuda:0'), tensor(97.6379, device='cuda:0'), tensor(97.7250, device='cuda:0'), tensor(97.8325, device='cuda:0'), tensor(97.7749, device='cuda:0'), tensor(97.7757, device='cuda:0'), tensor(98.0395, device='cuda:0'), tensor(98.0395, device='cuda:0'), tensor(98.2081, device='cuda:0'), tensor(97.9907, device='cuda:0'), tensor(98.2353, device='cuda:0'), tensor(98.1074, device='cuda:0'), tensor(98.0547, device='cuda:0'), tensor(98.1566, device='cuda:0'), tensor(98.1478, device='cuda:0'), tensor(99.1716, device='cuda:0'), tensor(99.4385, device='cuda:0'), tensor(99.6112, device='cuda:0'), tensor(99.6803, device='cuda:0'), tensor(99.6619, device='cuda:0'), tensor(99.6803, device='cuda:0'), tensor(99.7223, device='cuda:0'), tensor(99.7790, device='cuda:0'), tensor(99.7870, device='cuda:0'), tensor(99.7922, device='cuda:0'), tensor(99.7802, device='cuda:0'), tensor(99.8022, device='cuda:0'), tensor(99.8190, device='cuda:0'), tensor(99.8262, device='cuda:0'), tensor(99.8150, device='cuda:0'), tensor(99.8282, device='cuda:0'), tensor(99.8561, device='cuda:0'), tensor(99.8841, device='cuda:0'), tensor(99.8681, device='cuda:0'), tensor(99.8781, device='cuda:0'), tensor(99.8981, device='cuda:0'), tensor(99.9201, device='cuda:0'), tensor(99.9461, device='cuda:0'), tensor(99.9540, device='cuda:0'), tensor(99.9181, device='cuda:0'), tensor(99.9381, device='cuda:0'), tensor(99.9441, device='cuda:0'), tensor(99.9481, device='cuda:0'), tensor(99.9520, device='cuda:0'), tensor(99.9540, device='cuda:0'), tensor(99.9401, device='cuda:0'), tensor(99.9421, device='cuda:0'), tensor(99.9461, device='cuda:0'), tensor(99.9401, device='cuda:0'), tensor(99.9720, device='cuda:0'), tensor(99.9421, device='cuda:0'), tensor(99.9560, device='cuda:0'), tensor(99.9660, device='cuda:0'), tensor(99.9640, device='cuda:0'), tensor(99.9520, device='cuda:0'), tensor(99.9720, device='cuda:0'), tensor(99.9600, device='cuda:0'), tensor(99.9680, device='cuda:0'), tensor(99.9740, device='cuda:0'), tensor(99.9760, device='cuda:0'), tensor(99.9620, device='cuda:0'), tensor(99.9560, device='cuda:0'), tensor(99.9660, device='cuda:0'), tensor(99.9580, device='cuda:0'), tensor(99.9740, device='cuda:0'), tensor(99.9680, device='cuda:0'), tensor(99.9720, device='cuda:0'), tensor(99.9660, device='cuda:0'), tensor(99.9740, device='cuda:0'), tensor(99.9800, device='cuda:0'), tensor(99.9660, device='cuda:0'), tensor(99.9800, device='cuda:0'), tensor(99.9760, device='cuda:0'), tensor(99.9820, device='cuda:0'), tensor(99.9740, device='cuda:0')]
DEBUG:root:test_loss_hist: [1.192952175683613, 0.9155555050584334, 0.7920297972763641, 0.6291699605652049, 0.5426547919647603, 0.551815267227873, 0.5481230593934844, 0.47177911087681973, 0.45246602425092386, 0.4286709733401673, 0.4115161865572386, 0.4022818675524072, 0.37207495449464534, 0.4216982094170172, 0.3912671189519423, 0.3840010432125647, 0.43039242338530626, 0.3850040926208979, 0.3900718215522887, 0.3772947444945951, 0.3225699433986145, 0.3262053117910518, 0.31749689390387714, 0.3217719982885107, 0.37077477225397204, 0.33625012843669216, 0.34498767988591256, 0.335142757413508, 0.35628974598042573, 0.34801748998557464, 0.3716428205370903, 0.3587707825287988, 0.3419870425817333, 0.3791404352346553, 0.35389081916854354, 0.36657397335843195, 0.3956278888862344, 0.3619912361042409, 0.36802610528619983, 0.38866972734656513, 0.3360569223384314, 0.33590222385865226, 0.3392338960231105, 0.34198496990566013, 0.3450736693943603, 0.35640244978138164, 0.3582424521446228, 0.3603786751627922, 0.36332299390548395, 0.3541156773137141, 0.3607740052327325, 0.3622405463004414, 0.3575027033309393, 0.36631966325678406, 0.3695047626012488, 0.3733800438385976, 0.3712855432229706, 0.3576151496624645, 0.36070093842624107, 0.3647612932173512, 0.35693470294339746, 0.3599197091181067, 0.361921520738662, 0.35945080531926094, 0.35972904583698584, 0.36354627149014535, 0.3651701926807814, 0.3640191044799889, 0.3639736071794848, 0.3626164961842042, 0.36816796311472033, 0.36681784066972856, 0.3702277655277071, 0.36664159973210925, 0.3633304495788828, 0.36357836161233203, 0.3637046893186207, 0.3686395597797406, 0.365067218017729, 0.3670883742691595, 0.36527588727730737, 0.3639095861323272, 0.36470038075990313, 0.36399716949915584, 0.3647289093159422, 0.36390177632057213, 0.3658271768613707, 0.3657365812908245, 0.3656171581979039, 0.36559645199700247, 0.36424649440789525, 0.36460477094861526, 0.3649264015728914, 0.36394528761694706, 0.3641122593721257, 0.36489408029408393, 0.36394370054896874, 0.3648714254362674, 0.36559165382309805, 0.3648572773495807]
DEBUG:root:test_acc_hist: [tensor(56.9620, device='cuda:0'), tensor(68.5127, device='cuda:0'), tensor(72.6562, device='cuda:0'), tensor(78.8766, device='cuda:0'), tensor(81.4676, device='cuda:0'), tensor(81.0720, device='cuda:0'), tensor(81.1610, device='cuda:0'), tensor(84.3157, device='cuda:0'), tensor(84.7706, device='cuda:0'), tensor(85.3639, device='cuda:0'), tensor(86.2638, device='cuda:0'), tensor(86.6594, device='cuda:0'), tensor(87.4901, device='cuda:0'), tensor(86.2638, device='cuda:0'), tensor(87.4604, device='cuda:0'), tensor(87.0649, device='cuda:0'), tensor(86.0858, device='cuda:0'), tensor(87.5791, device='cuda:0'), tensor(87.5890, device='cuda:0'), tensor(88.5285, device='cuda:0'), tensor(90.2393, device='cuda:0'), tensor(90.5261, device='cuda:0'), tensor(90.6942, device='cuda:0'), tensor(90.6250, device='cuda:0'), tensor(89.9525, device='cuda:0'), tensor(90.3481, device='cuda:0'), tensor(90.3580, device='cuda:0'), tensor(90.7140, device='cuda:0'), tensor(90.3580, device='cuda:0'), tensor(90.7931, device='cuda:0'), tensor(90.1503, device='cuda:0'), tensor(90.6547, device='cuda:0'), tensor(90.8030, device='cuda:0'), tensor(90.2097, device='cuda:0'), tensor(90.5459, device='cuda:0'), tensor(90.6250, device='cuda:0'), tensor(89.7350, device='cuda:0'), tensor(90.6349, device='cuda:0'), tensor(90.5063, device='cuda:0'), tensor(90.0316, device='cuda:0'), tensor(90.9711, device='cuda:0'), tensor(91.4062, device='cuda:0'), tensor(91.2777, device='cuda:0'), tensor(91.4062, device='cuda:0'), tensor(91.4557, device='cuda:0'), tensor(91.3172, device='cuda:0'), tensor(91.3370, device='cuda:0'), tensor(91.2282, device='cuda:0'), tensor(91.2876, device='cuda:0'), tensor(91.4359, device='cuda:0'), tensor(91.5744, device='cuda:0'), tensor(91.5941, device='cuda:0'), tensor(91.8216, device='cuda:0'), tensor(91.2480, device='cuda:0'), tensor(91.3469, device='cuda:0'), tensor(91.4656, device='cuda:0'), tensor(91.3370, device='cuda:0'), tensor(91.5249, device='cuda:0'), tensor(91.6832, device='cuda:0'), tensor(91.7425, device='cuda:0'), tensor(91.9304, device='cuda:0'), tensor(91.7425, device='cuda:0'), tensor(91.8809, device='cuda:0'), tensor(91.9601, device='cuda:0'), tensor(91.9304, device='cuda:0'), tensor(91.7326, device='cuda:0'), tensor(91.6733, device='cuda:0'), tensor(91.9699, device='cuda:0'), tensor(91.8315, device='cuda:0'), tensor(91.8216, device='cuda:0'), tensor(91.6436, device='cuda:0'), tensor(91.7128, device='cuda:0'), tensor(91.6930, device='cuda:0'), tensor(91.6733, device='cuda:0'), tensor(91.9106, device='cuda:0'), tensor(92.0589, device='cuda:0'), tensor(91.8908, device='cuda:0'), tensor(91.7425, device='cuda:0'), tensor(91.8216, device='cuda:0'), tensor(91.7623, device='cuda:0'), tensor(91.7029, device='cuda:0'), tensor(91.7623, device='cuda:0'), tensor(91.8117, device='cuda:0'), tensor(91.7820, device='cuda:0'), tensor(91.7820, device='cuda:0'), tensor(91.7128, device='cuda:0'), tensor(91.7623, device='cuda:0'), tensor(91.7524, device='cuda:0'), tensor(91.7623, device='cuda:0'), tensor(91.7623, device='cuda:0'), tensor(91.7524, device='cuda:0'), tensor(91.7623, device='cuda:0'), tensor(91.7029, device='cuda:0'), tensor(91.7524, device='cuda:0'), tensor(91.8216, device='cuda:0'), tensor(91.7623, device='cuda:0'), tensor(91.7326, device='cuda:0'), tensor(91.6634, device='cuda:0'), tensor(91.7425, device='cuda:0'), tensor(91.7425, device='cuda:0')]
